The system is: Darwin - 21.4.0 - arm64
Compiling the C compiler identification source file "CMakeCCompilerId.c" succeeded.
Compiler:  
Build flags: 
Id flags:  

The output was:
0
objc[26121]: Class AppleTypeCRetimerRestoreInfoHelper is implemented in both /usr/lib/libauthinstall.dylib (0x1f3791eb0) and /Library/Apple/System/Library/PrivateFrameworks/MobileDevice.framework/Versions/A/MobileDevice (0x1042844f8). One of the two will be used. Which one is undefined.
objc[26121]: Class AppleTypeCRetimerFirmwareAggregateRequestCreator is implemented in both /usr/lib/libauthinstall.dylib (0x1f3791f00) and /Library/Apple/System/Library/PrivateFrameworks/MobileDevice.framework/Versions/A/MobileDevice (0x104284548). One of the two will be used. Which one is undefined.
objc[26121]: Class AppleTypeCRetimerFirmwareRequestCreator is implemented in both /usr/lib/libauthinstall.dylib (0x1f3791f50) and /Library/Apple/System/Library/PrivateFrameworks/MobileDevice.framework/Versions/A/MobileDevice (0x104284598). One of the two will be used. Which one is undefined.
objc[26121]: Class ATCRTRestoreInfoFTABFile is implemented in both /usr/lib/libauthinstall.dylib (0x1f3791fa0) and /Library/Apple/System/Library/PrivateFrameworks/MobileDevice.framework/Versions/A/MobileDevice (0x1042845e8). One of the two will be used. Which one is undefined.
objc[26121]: Class AppleTypeCRetimerFirmwareCopier is implemented in both /usr/lib/libauthinstall.dylib (0x1f3791ff0) and /Library/Apple/System/Library/PrivateFrameworks/MobileDevice.framework/Versions/A/MobileDevice (0x104284638). One of the two will be used. Which one is undefined.
objc[26121]: Class ATCRTRestoreInfoFTABSubfile is implemented in both /usr/lib/libauthinstall.dylib (0x1f3792040) and /Library/Apple/System/Library/PrivateFrameworks/MobileDevice.framework/Versions/A/MobileDevice (0x104284688). One of the two will be used. Which one is undefined.
2022-05-03 16:03:45.158 xcodebuild[26121:1170678] Requested but did not find extension point with identifier Xcode.IDEKit.ExtensionSentinelHostApplications for extension Xcode.DebuggerFoundation.AppExtensionHosts.watchOS of plug-in com.apple.dt.IDEWatchSupportCore
2022-05-03 16:03:45.158 xcodebuild[26121:1170678] Requested but did not find extension point with identifier Xcode.IDEKit.ExtensionPointIdentifierToBundleIdentifier for extension Xcode.DebuggerFoundation.AppExtensionToBundleIdentifierMap.watchOS of plug-in com.apple.dt.IDEWatchSupportCore
Command line invocation:
    /Applications/Xcode.app/Contents/Developer/usr/bin/xcodebuild

User defaults from command line:
    IDEPackageSupportUseBuiltinSCM = YES

note: Using new build system
note: Planning
Analyze workspace

Create build description
Build description signature: 12cc0dec161c9be393403d1baf2b4395
Build description path: /Users/srburk/Developer/Playdate Projects/Pong/build/CMakeFiles/3.23.1/CompilerIdC/./XCBuildData/12cc0dec161c9be393403d1baf2b4395-desc.xcbuild

note: Build preparation complete
warning: Building targets in manual order is deprecated - check "Parallelize build for command-line builds" in the project editor, or set DISABLE_MANUAL_TARGET_ORDER_BUILD_WARNING in any of the targets in the current build to suppress this warning
CreateBuildDirectory /Users/srburk/Developer/Playdate\ Projects/Pong/build/CMakeFiles/3.23.1/CompilerIdC
    cd /Users/srburk/Developer/Playdate\ Projects/Pong/build/CMakeFiles/3.23.1/CompilerIdC/CompilerIdC.xcodeproj
    builtin-create-build-directory /Users/srburk/Developer/Playdate\ Projects/Pong/build/CMakeFiles/3.23.1/CompilerIdC

warning: Traditional headermap style is no longer supported; please migrate to using separate headermaps and set 'ALWAYS_SEARCH_USER_PATHS' to NO. (in target 'CompilerIdC' from project 'CompilerIdC')
WriteAuxiliaryFile /Users/srburk/Developer/Playdate\ Projects/Pong/build/CMakeFiles/3.23.1/CompilerIdC/CompilerIdC.build/Debug/CompilerIdC.build/CompilerIdC-project-headers.hmap (in target 'CompilerIdC' from project 'CompilerIdC')
    cd /Users/srburk/Developer/Playdate\ Projects/Pong/build/CMakeFiles/3.23.1/CompilerIdC
    write-file /Users/srburk/Developer/Playdate\ Projects/Pong/build/CMakeFiles/3.23.1/CompilerIdC/CompilerIdC.build/Debug/CompilerIdC.build/CompilerIdC-project-headers.hmap

WriteAuxiliaryFile /Users/srburk/Developer/Playdate\ Projects/Pong/build/CMakeFiles/3.23.1/CompilerIdC/CompilerIdC.build/Debug/CompilerIdC.build/CompilerIdC-all-non-framework-target-headers.hmap (in target 'CompilerIdC' from project 'CompilerIdC')
    cd /Users/srburk/Developer/Playdate\ Projects/Pong/build/CMakeFiles/3.23.1/CompilerIdC
    write-file /Users/srburk/Developer/Playdate\ Projects/Pong/build/CMakeFiles/3.23.1/CompilerIdC/CompilerIdC.build/Debug/CompilerIdC.build/CompilerIdC-all-non-framework-target-headers.hmap

WriteAuxiliaryFile /Users/srburk/Developer/Playdate\ Projects/Pong/build/CMakeFiles/3.23.1/CompilerIdC/CompilerIdC.build/Debug/CompilerIdC.build/CompilerIdC.hmap (in target 'CompilerIdC' from project 'CompilerIdC')
    cd /Users/srburk/Developer/Playdate\ Projects/Pong/build/CMakeFiles/3.23.1/CompilerIdC
    write-file /Users/srburk/Developer/Playdate\ Projects/Pong/build/CMakeFiles/3.23.1/CompilerIdC/CompilerIdC.build/Debug/CompilerIdC.build/CompilerIdC.hmap

WriteAuxiliaryFile /Users/srburk/Developer/Playdate\ Projects/Pong/build/CMakeFiles/3.23.1/CompilerIdC/CompilerIdC.build/Debug/CompilerIdC.build/CompilerIdC-own-target-headers.hmap (in target 'CompilerIdC' from project 'CompilerIdC')
    cd /Users/srburk/Developer/Playdate\ Projects/Pong/build/CMakeFiles/3.23.1/CompilerIdC
    write-file /Users/srburk/Developer/Playdate\ Projects/Pong/build/CMakeFiles/3.23.1/CompilerIdC/CompilerIdC.build/Debug/CompilerIdC.build/CompilerIdC-own-target-headers.hmap

WriteAuxiliaryFile /Users/srburk/Developer/Playdate\ Projects/Pong/build/CMakeFiles/3.23.1/CompilerIdC/CompilerIdC.build/Debug/CompilerIdC.build/CompilerIdC-all-target-headers.hmap (in target 'CompilerIdC' from project 'CompilerIdC')
    cd /Users/srburk/Developer/Playdate\ Projects/Pong/build/CMakeFiles/3.23.1/CompilerIdC
    write-file /Users/srburk/Developer/Playdate\ Projects/Pong/build/CMakeFiles/3.23.1/CompilerIdC/CompilerIdC.build/Debug/CompilerIdC.build/CompilerIdC-all-target-headers.hmap

WriteAuxiliaryFile /Users/srburk/Developer/Playdate\ Projects/Pong/build/CMakeFiles/3.23.1/CompilerIdC/CompilerIdC.build/Debug/CompilerIdC.build/all-product-headers.yaml (in target 'CompilerIdC' from project 'CompilerIdC')
    cd /Users/srburk/Developer/Playdate\ Projects/Pong/build/CMakeFiles/3.23.1/CompilerIdC
    write-file /Users/srburk/Developer/Playdate\ Projects/Pong/build/CMakeFiles/3.23.1/CompilerIdC/CompilerIdC.build/Debug/CompilerIdC.build/all-product-headers.yaml

WriteAuxiliaryFile /Users/srburk/Developer/Playdate\ Projects/Pong/build/CMakeFiles/3.23.1/CompilerIdC/CompilerIdC.build/Debug/CompilerIdC.build/CompilerIdC-generated-files.hmap (in target 'CompilerIdC' from project 'CompilerIdC')
    cd /Users/srburk/Developer/Playdate\ Projects/Pong/build/CMakeFiles/3.23.1/CompilerIdC
    write-file /Users/srburk/Developer/Playdate\ Projects/Pong/build/CMakeFiles/3.23.1/CompilerIdC/CompilerIdC.build/Debug/CompilerIdC.build/CompilerIdC-generated-files.hmap

WriteAuxiliaryFile /Users/srburk/Developer/Playdate\ Projects/Pong/build/CMakeFiles/3.23.1/CompilerIdC/CompilerIdC.build/Debug/CompilerIdC.build/Objects-normal/arm64/CompilerIdC.LinkFileList (in target 'CompilerIdC' from project 'CompilerIdC')
    cd /Users/srburk/Developer/Playdate\ Projects/Pong/build/CMakeFiles/3.23.1/CompilerIdC
    write-file /Users/srburk/Developer/Playdate\ Projects/Pong/build/CMakeFiles/3.23.1/CompilerIdC/CompilerIdC.build/Debug/CompilerIdC.build/Objects-normal/arm64/CompilerIdC.LinkFileList

CompileC /Users/srburk/Developer/Playdate\ Projects/Pong/build/CMakeFiles/3.23.1/CompilerIdC/CompilerIdC.build/Debug/CompilerIdC.build/Objects-normal/arm64/CMakeCCompilerId.o /Users/srburk/Developer/Playdate\ Projects/Pong/build/CMakeFiles/3.23.1/CompilerIdC/CMakeCCompilerId.c normal arm64 c com.apple.compilers.llvm.clang.1_0.compiler (in target 'CompilerIdC' from project 'CompilerIdC')
    cd /Users/srburk/Developer/Playdate\ Projects/Pong/build/CMakeFiles/3.23.1/CompilerIdC
    export LANG\=en_US.US-ASCII
    /Applications/Xcode.app/Contents/Developer/Toolchains/XcodeDefault.xctoolchain/usr/bin/clang -x c -target arm64-apple-macos12.3 -fmessage-length\=0 -fdiagnostics-show-note-include-stack -fmacro-backtrace-limit\=0 -Wno-trigraphs -fpascal-strings -Os -Wno-missing-field-initializers -Wno-missing-prototypes -Wno-return-type -Wno-missing-braces -Wparentheses -Wswitch -Wno-unused-function -Wno-unused-label -Wno-unused-parameter -Wno-unused-variable -Wunused-value -Wno-empty-body -Wno-uninitialized -Wno-unknown-pragmas -Wno-shadow -Wno-four-char-constants -Wno-conversion -Wno-constant-conversion -Wno-int-conversion -Wno-bool-conversion -Wno-enum-conversion -Wno-float-conversion -Wno-non-literal-null-conversion -Wno-objc-literal-conversion -Wno-shorten-64-to-32 -Wpointer-sign -Wno-newline-eof -isysroot /Applications/Xcode.app/Contents/Developer/Platforms/MacOSX.platform/Developer/SDKs/MacOSX12.3.sdk -fstrict-aliasing -Wdeprecated-declarations -g -fvisibility\=hidden -Wno-sign-conversion -Wno-infinite-recursion -Wno-comma -Wno-block-capture-autoreleasing -Wno-strict-prototypes -Wno-semicolon-before-method-body -iquote /Users/srburk/Developer/Playdate\ Projects/Pong/build/CMakeFiles/3.23.1/CompilerIdC/CompilerIdC.build/Debug/CompilerIdC.build/CompilerIdC-generated-files.hmap -I/Users/srburk/Developer/Playdate\ Projects/Pong/build/CMakeFiles/3.23.1/CompilerIdC/CompilerIdC.build/Debug/CompilerIdC.build/CompilerIdC-own-target-headers.hmap -I/Users/srburk/Developer/Playdate\ Projects/Pong/build/CMakeFiles/3.23.1/CompilerIdC/CompilerIdC.build/Debug/CompilerIdC.build/CompilerIdC-all-target-headers.hmap -iquote /Users/srburk/Developer/Playdate\ Projects/Pong/build/CMakeFiles/3.23.1/CompilerIdC/CompilerIdC.build/Debug/CompilerIdC.build/CompilerIdC-project-headers.hmap -I/Users/srburk/Developer/Playdate\ Projects/Pong/build/CMakeFiles/3.23.1/CompilerIdC/include -I/Users/srburk/Developer/Playdate\ Projects/Pong/build/CMakeFiles/3.23.1/CompilerIdC/CompilerIdC.build/Debug/CompilerIdC.build/DerivedSources-normal/arm64 -I/Users/srburk/Developer/Playdate\ Projects/Pong/build/CMakeFiles/3.23.1/CompilerIdC/CompilerIdC.build/Debug/CompilerIdC.build/DerivedSources/arm64 -I/Users/srburk/Developer/Playdate\ Projects/Pong/build/CMakeFiles/3.23.1/CompilerIdC/CompilerIdC.build/Debug/CompilerIdC.build/DerivedSources -F/Users/srburk/Developer/Playdate\ Projects/Pong/build/CMakeFiles/3.23.1/CompilerIdC -MMD -MT dependencies -MF /Users/srburk/Developer/Playdate\ Projects/Pong/build/CMakeFiles/3.23.1/CompilerIdC/CompilerIdC.build/Debug/CompilerIdC.build/Objects-normal/arm64/CMakeCCompilerId.d --serialize-diagnostics /Users/srburk/Developer/Playdate\ Projects/Pong/build/CMakeFiles/3.23.1/CompilerIdC/CompilerIdC.build/Debug/CompilerIdC.build/Objects-normal/arm64/CMakeCCompilerId.dia -c /Users/srburk/Developer/Playdate\ Projects/Pong/build/CMakeFiles/3.23.1/CompilerIdC/CMakeCCompilerId.c -o /Users/srburk/Developer/Playdate\ Projects/Pong/build/CMakeFiles/3.23.1/CompilerIdC/CompilerIdC.build/Debug/CompilerIdC.build/Objects-normal/arm64/CMakeCCompilerId.o

Ld /Users/srburk/Developer/Playdate\ Projects/Pong/build/CMakeFiles/3.23.1/CompilerIdC/CompilerIdC normal (in target 'CompilerIdC' from project 'CompilerIdC')
    cd /Users/srburk/Developer/Playdate\ Projects/Pong/build/CMakeFiles/3.23.1/CompilerIdC
    /Applications/Xcode.app/Contents/Developer/Toolchains/XcodeDefault.xctoolchain/usr/bin/clang -target arm64-apple-macos12.3 -isysroot /Applications/Xcode.app/Contents/Developer/Platforms/MacOSX.platform/Developer/SDKs/MacOSX12.3.sdk -L/Users/srburk/Developer/Playdate\ Projects/Pong/build/CMakeFiles/3.23.1/CompilerIdC -F/Users/srburk/Developer/Playdate\ Projects/Pong/build/CMakeFiles/3.23.1/CompilerIdC -filelist /Users/srburk/Developer/Playdate\ Projects/Pong/build/CMakeFiles/3.23.1/CompilerIdC/CompilerIdC.build/Debug/CompilerIdC.build/Objects-normal/arm64/CompilerIdC.LinkFileList -Xlinker -object_path_lto -Xlinker /Users/srburk/Developer/Playdate\ Projects/Pong/build/CMakeFiles/3.23.1/CompilerIdC/CompilerIdC.build/Debug/CompilerIdC.build/Objects-normal/arm64/CompilerIdC_lto.o -Xlinker -dependency_info -Xlinker /Users/srburk/Developer/Playdate\ Projects/Pong/build/CMakeFiles/3.23.1/CompilerIdC/CompilerIdC.build/Debug/CompilerIdC.build/Objects-normal/arm64/CompilerIdC_dependency_info.dat -o /Users/srburk/Developer/Playdate\ Projects/Pong/build/CMakeFiles/3.23.1/CompilerIdC/CompilerIdC

WriteAuxiliaryFile /Users/srburk/Developer/Playdate\ Projects/Pong/build/CMakeFiles/3.23.1/CompilerIdC/CompilerIdC.build/Debug/CompilerIdC.build/Script-2C8FEB8E15DC1A1A00E56A5D.sh (in target 'CompilerIdC' from project 'CompilerIdC')
    cd /Users/srburk/Developer/Playdate\ Projects/Pong/build/CMakeFiles/3.23.1/CompilerIdC
    write-file /Users/srburk/Developer/Playdate\ Projects/Pong/build/CMakeFiles/3.23.1/CompilerIdC/CompilerIdC.build/Debug/CompilerIdC.build/Script-2C8FEB8E15DC1A1A00E56A5D.sh

PhaseScriptExecution Run\ Script /Users/srburk/Developer/Playdate\ Projects/Pong/build/CMakeFiles/3.23.1/CompilerIdC/CompilerIdC.build/Debug/CompilerIdC.build/Script-2C8FEB8E15DC1A1A00E56A5D.sh (in target 'CompilerIdC' from project 'CompilerIdC')
    cd /Users/srburk/Developer/Playdate\ Projects/Pong/build/CMakeFiles/3.23.1/CompilerIdC
    /bin/sh -c /Users/srburk/Developer/Playdate\\\ Projects/Pong/build/CMakeFiles/3.23.1/CompilerIdC/CompilerIdC.build/Debug/CompilerIdC.build/Script-2C8FEB8E15DC1A1A00E56A5D.sh
GCC_VERSION=com.apple.compilers.llvm.clang.1_0
ARCHS=arm64

RegisterExecutionPolicyException /Users/srburk/Developer/Playdate\ Projects/Pong/build/CMakeFiles/3.23.1/CompilerIdC/CompilerIdC (in target 'CompilerIdC' from project 'CompilerIdC')
    cd /Users/srburk/Developer/Playdate\ Projects/Pong/build/CMakeFiles/3.23.1/CompilerIdC
    builtin-RegisterExecutionPolicyException /Users/srburk/Developer/Playdate\ Projects/Pong/build/CMakeFiles/3.23.1/CompilerIdC/CompilerIdC

** BUILD SUCCEEDED **



Compilation of the C compiler identification source "CMakeCCompilerId.c" produced "CompilerIdC"

The C compiler identification is AppleClang, found in "/Users/srburk/Developer/Playdate Projects/Pong/build/CMakeFiles/3.23.1/CompilerIdC/CompilerIdC"

Checking whether the ASM compiler is Clang using "--version" matched "(clang version)":
Apple clang version 13.1.6 (clang-1316.0.21.2.3)
Target: arm64-apple-darwin21.4.0
Thread model: posix
InstalledDir: /Applications/Xcode.app/Contents/Developer/Toolchains/XcodeDefault.xctoolchain/usr/bin
Detecting C compiler ABI info compiled with the following output:
Change Dir: /Users/srburk/Developer/Playdate Projects/Pong/build/CMakeFiles/CMakeTmp

Run Build Command(s):/usr/bin/xcodebuild -project CMAKE_TRY_COMPILE.xcodeproj build -target cmTC_b5a51 -parallelizeTargets -configuration Debug -hideShellScriptEnvironment && objc[26143]: Class AppleTypeCRetimerRestoreInfoHelper is implemented in both /usr/lib/libauthinstall.dylib (0x1f3791eb0) and /Library/Apple/System/Library/PrivateFrameworks/MobileDevice.framework/Versions/A/MobileDevice (0x1089b84f8). One of the two will be used. Which one is undefined.
objc[26143]: Class AppleTypeCRetimerFirmwareAggregateRequestCreator is implemented in both /usr/lib/libauthinstall.dylib (0x1f3791f00) and /Library/Apple/System/Library/PrivateFrameworks/MobileDevice.framework/Versions/A/MobileDevice (0x1089b8548). One of the two will be used. Which one is undefined.
objc[26143]: Class AppleTypeCRetimerFirmwareRequestCreator is implemented in both /usr/lib/libauthinstall.dylib (0x1f3791f50) and /Library/Apple/System/Library/PrivateFrameworks/MobileDevice.framework/Versions/A/MobileDevice (0x1089b8598). One of the two will be used. Which one is undefined.
objc[26143]: Class ATCRTRestoreInfoFTABFile is implemented in both /usr/lib/libauthinstall.dylib (0x1f3791fa0) and /Library/Apple/System/Library/PrivateFrameworks/MobileDevice.framework/Versions/A/MobileDevice (0x1089b85e8). One of the two will be used. Which one is undefined.
objc[26143]: Class AppleTypeCRetimerFirmwareCopier is implemented in both /usr/lib/libauthinstall.dylib (0x1f3791ff0) and /Library/Apple/System/Library/PrivateFrameworks/MobileDevice.framework/Versions/A/MobileDevice (0x1089b8638). One of the two will be used. Which one is undefined.
objc[26143]: Class ATCRTRestoreInfoFTABSubfile is implemented in both /usr/lib/libauthinstall.dylib (0x1f3792040) and /Library/Apple/System/Library/PrivateFrameworks/MobileDevice.framework/Versions/A/MobileDevice (0x1089b8688). One of the two will be used. Which one is undefined.
2022-05-03 16:03:46.840 xcodebuild[26143:1170823] Requested but did not find extension point with identifier Xcode.IDEKit.ExtensionSentinelHostApplications for extension Xcode.DebuggerFoundation.AppExtensionHosts.watchOS of plug-in com.apple.dt.IDEWatchSupportCore
2022-05-03 16:03:46.840 xcodebuild[26143:1170823] Requested but did not find extension point with identifier Xcode.IDEKit.ExtensionPointIdentifierToBundleIdentifier for extension Xcode.DebuggerFoundation.AppExtensionToBundleIdentifierMap.watchOS of plug-in com.apple.dt.IDEWatchSupportCore
Command line invocation:
    /Applications/Xcode.app/Contents/Developer/usr/bin/xcodebuild -project CMAKE_TRY_COMPILE.xcodeproj build -target cmTC_b5a51 -parallelizeTargets -configuration Debug -hideShellScriptEnvironment

User defaults from command line:
    HideShellScriptEnvironment = YES
    IDEPackageSupportUseBuiltinSCM = YES

note: Using new build system
note: Planning
Analyze workspace

Create build description
Build description signature: 5f9fb41ddf2ed29eb7f669bc74c9b6a4
Build description path: /Users/srburk/Developer/Playdate Projects/Pong/build/CMakeFiles/CMakeTmp/build/XCBuildData/5f9fb41ddf2ed29eb7f669bc74c9b6a4-desc.xcbuild

note: Build preparation complete
note: Building targets in dependency order
CreateBuildDirectory /Users/srburk/Developer/Playdate\ Projects/Pong/build/CMakeFiles/CMakeTmp
    cd /Users/srburk/Developer/Playdate\ Projects/Pong/build/CMakeFiles/CMakeTmp/CMAKE_TRY_COMPILE.xcodeproj
    builtin-create-build-directory /Users/srburk/Developer/Playdate\ Projects/Pong/build/CMakeFiles/CMakeTmp

CreateBuildDirectory /Users/srburk/Developer/Playdate\ Projects/Pong/build/CMakeFiles/CMakeTmp/Debug
    cd /Users/srburk/Developer/Playdate\ Projects/Pong/build/CMakeFiles/CMakeTmp/CMAKE_TRY_COMPILE.xcodeproj
    builtin-create-build-directory /Users/srburk/Developer/Playdate\ Projects/Pong/build/CMakeFiles/CMakeTmp/Debug

WriteAuxiliaryFile /Users/srburk/Developer/Playdate\ Projects/Pong/build/CMakeFiles/CMakeTmp/CMAKE_TRY_COMPILE.build/Debug/cmTC_b5a51.build/Objects-normal/arm64/cmTC_b5a51.LinkFileList (in target 'cmTC_b5a51' from project 'CMAKE_TRY_COMPILE')
    cd /Users/srburk/Developer/Playdate\ Projects/Pong/build/CMakeFiles/CMakeTmp
    write-file /Users/srburk/Developer/Playdate\ Projects/Pong/build/CMakeFiles/CMakeTmp/CMAKE_TRY_COMPILE.build/Debug/cmTC_b5a51.build/Objects-normal/arm64/cmTC_b5a51.LinkFileList

CompileC /Users/srburk/Developer/Playdate\ Projects/Pong/build/CMakeFiles/CMakeTmp/CMAKE_TRY_COMPILE.build/Debug/cmTC_b5a51.build/Objects-normal/arm64/CMakeCCompilerABI.o /opt/homebrew/Cellar/cmake/3.23.1/share/cmake/Modules/CMakeCCompilerABI.c normal arm64 c com.apple.compilers.llvm.clang.1_0.compiler (in target 'cmTC_b5a51' from project 'CMAKE_TRY_COMPILE')
    cd /Users/srburk/Developer/Playdate\ Projects/Pong/build/CMakeFiles/CMakeTmp
    /Applications/Xcode.app/Contents/Developer/Toolchains/XcodeDefault.xctoolchain/usr/bin/clang -x c -target arm64-apple-macos12.3 -fmessage-length\=0 -fdiagnostics-show-note-include-stack -fmacro-backtrace-limit\=0 -Wno-trigraphs -fpascal-strings -O0 -Wno-missing-field-initializers -Wno-missing-prototypes -Wno-return-type -Wno-missing-braces -Wparentheses -Wswitch -Wno-unused-function -Wno-unused-label -Wno-unused-parameter -Wno-unused-variable -Wunused-value -Wno-empty-body -Wno-uninitialized -Wno-unknown-pragmas -Wno-shadow -Wno-four-char-constants -Wno-conversion -Wno-constant-conversion -Wno-int-conversion -Wno-bool-conversion -Wno-enum-conversion -Wno-float-conversion -Wno-non-literal-null-conversion -Wno-objc-literal-conversion -Wno-shorten-64-to-32 -Wpointer-sign -Wno-newline-eof -DCMAKE_INTDIR\=\"Debug\" -isysroot /Applications/Xcode.app/Contents/Developer/Platforms/MacOSX.platform/Developer/SDKs/MacOSX12.3.sdk -fstrict-aliasing -Wdeprecated-declarations -g -Wno-sign-conversion -Wno-infinite-recursion -Wno-comma -Wno-block-capture-autoreleasing -Wno-strict-prototypes -Wno-semicolon-before-method-body -I/Users/srburk/Developer/Playdate\ Projects/Pong/build/CMakeFiles/CMakeTmp/Debug/include -I/Users/srburk/Developer/Playdate\ Projects/Pong/build/CMakeFiles/CMakeTmp/CMAKE_TRY_COMPILE.build/Debug/cmTC_b5a51.build/DerivedSources-normal/arm64 -I/Users/srburk/Developer/Playdate\ Projects/Pong/build/CMakeFiles/CMakeTmp/CMAKE_TRY_COMPILE.build/Debug/cmTC_b5a51.build/DerivedSources/arm64 -I/Users/srburk/Developer/Playdate\ Projects/Pong/build/CMakeFiles/CMakeTmp/CMAKE_TRY_COMPILE.build/Debug/cmTC_b5a51.build/DerivedSources -F/Users/srburk/Developer/Playdate\ Projects/Pong/build/CMakeFiles/CMakeTmp/Debug -std\=gnu11 -v -Wl,-v -MMD -MT dependencies -MF /Users/srburk/Developer/Playdate\ Projects/Pong/build/CMakeFiles/CMakeTmp/CMAKE_TRY_COMPILE.build/Debug/cmTC_b5a51.build/Objects-normal/arm64/CMakeCCompilerABI.d --serialize-diagnostics /Users/srburk/Developer/Playdate\ Projects/Pong/build/CMakeFiles/CMakeTmp/CMAKE_TRY_COMPILE.build/Debug/cmTC_b5a51.build/Objects-normal/arm64/CMakeCCompilerABI.dia -c /opt/homebrew/Cellar/cmake/3.23.1/share/cmake/Modules/CMakeCCompilerABI.c -o /Users/srburk/Developer/Playdate\ Projects/Pong/build/CMakeFiles/CMakeTmp/CMAKE_TRY_COMPILE.build/Debug/cmTC_b5a51.build/Objects-normal/arm64/CMakeCCompilerABI.o
Apple clang version 13.1.6 (clang-1316.0.21.2.3)
Target: arm64-apple-macos12.3
Thread model: posix
InstalledDir: /Applications/Xcode.app/Contents/Developer/Toolchains/XcodeDefault.xctoolchain/usr/bin
clang: warning: -Wl,-v: 'linker' input unused [-Wunused-command-line-argument]
 "/Applications/Xcode.app/Contents/Developer/Toolchains/XcodeDefault.xctoolchain/usr/bin/clang" -cc1 -triple arm64-apple-macosx12.3.0 -Wundef-prefix=TARGET_OS_ -Wdeprecated-objc-isa-usage -Werror=deprecated-objc-isa-usage -Werror=implicit-function-declaration -emit-obj -mrelax-all --mrelax-relocations -disable-free -disable-llvm-verifier -discard-value-names -main-file-name CMakeCCompilerABI.c -mrelocation-model pic -pic-level 2 -mframe-pointer=non-leaf -fno-strict-return -fno-rounding-math -munwind-tables -target-sdk-version=12.3 -fvisibility-inlines-hidden-static-local-var -target-cpu apple-m1 -target-feature +v8.5a -target-feature +fp-armv8 -target-feature +neon -target-feature +crc -target-feature +crypto -target-feature +dotprod -target-feature +fp16fml -target-feature +ras -target-feature +lse -target-feature +rdm -target-feature +rcpc -target-feature +zcm -target-feature +zcz -target-feature +fullfp16 -target-feature +sm4 -target-feature +sha3 -target-feature +sha2 -target-feature +aes -target-abi darwinpcs -fallow-half-arguments-and-returns -debug-info-kind=standalone -dwarf-version=4 -debugger-tuning=lldb -target-linker-version 762 -v -resource-dir /Applications/Xcode.app/Contents/Developer/Toolchains/XcodeDefault.xctoolchain/usr/lib/clang/13.1.6 -dependency-file "/Users/srburk/Developer/Playdate Projects/Pong/build/CMakeFiles/CMakeTmp/CMAKE_TRY_COMPILE.build/Debug/cmTC_b5a51.build/Objects-normal/arm64/CMakeCCompilerABI.d" -skip-unused-modulemap-deps -MT dependencies -isysroot /Applications/Xcode.app/Contents/Developer/Platforms/MacOSX.platform/Developer/SDKs/MacOSX12.3.sdk -D "CMAKE_INTDIR=\"Debug\"" -I "/Users/srburk/Developer/Playdate Projects/Pong/build/CMakeFiles/CMakeTmp/Debug/include" -I "/Users/srburk/Developer/Playdate Projects/Pong/build/CMakeFiles/CMakeTmp/CMAKE_TRY_COMPILE.build/Debug/cmTC_b5a51.build/DerivedSources-normal/arm64" -I "/Users/srburk/Developer/Playdate Projects/Pong/build/CMakeFiles/CMakeTmp/CMAKE_TRY_COMPILE.build/Debug/cmTC_b5a51.build/DerivedSources/arm64" -I "/Users/srburk/Developer/Playdate Projects/Pong/build/CMakeFiles/CMakeTmp/CMAKE_TRY_COMPILE.build/Debug/cmTC_b5a51.build/DerivedSources" "-F/Users/srburk/Developer/Playdate Projects/Pong/build/CMakeFiles/CMakeTmp/Debug" -internal-isystem /Applications/Xcode.app/Contents/Developer/Platforms/MacOSX.platform/Developer/SDKs/MacOSX12.3.sdk/usr/local/include -internal-isystem /Applications/Xcode.app/Contents/Developer/Toolchains/XcodeDefault.xctoolchain/usr/lib/clang/13.1.6/include -internal-externc-isystem /Applications/Xcode.app/Contents/Developer/Platforms/MacOSX.platform/Developer/SDKs/MacOSX12.3.sdk/usr/include -internal-externc-isystem /Applications/Xcode.app/Contents/Developer/Toolchains/XcodeDefault.xctoolchain/usr/include -O0 -Wno-trigraphs -Wno-missing-field-initializers -Wno-missing-prototypes -Wno-return-type -Wno-missing-braces -Wparentheses -Wswitch -Wno-unused-function -Wno-unused-label -Wno-unused-parameter -Wno-unused-variable -Wunused-value -Wno-empty-body -Wno-uninitialized -Wno-unknown-pragmas -Wno-shadow -Wno-four-char-constants -Wno-conversion -Wno-constant-conversion -Wno-int-conversion -Wno-bool-conversion -Wno-enum-conversion -Wno-float-conversion -Wno-non-literal-null-conversion -Wno-objc-literal-conversion -Wno-shorten-64-to-32 -Wpointer-sign -Wno-newline-eof -Wdeprecated-declarations -Wno-sign-conversion -Wno-infinite-recursion -Wno-comma -Wno-block-capture-autoreleasing -Wno-strict-prototypes -Wno-semicolon-before-method-body -Wno-reorder-init-list -Wno-implicit-int-float-conversion -Wno-c99-designator -Wno-final-dtor-non-final-class -Wno-extra-semi-stmt -Wno-misleading-indentation -Wno-quoted-include-in-framework-header -Wno-implicit-fallthrough -Wno-enum-enum-conversion -Wno-enum-float-conversion -Wno-elaborated-enum-base -Wno-reserved-identifier -Wno-gnu-folding-constant -Wno-objc-load-method -std=gnu11 "-fdebug-compilation-dir=/Users/srburk/Developer/Playdate Projects/Pong/build/CMakeFiles/CMakeTmp" -ferror-limit 19 -fmacro-backtrace-limit 0 -stack-protector 1 -fstack-check -mdarwin-stkchk-strong-link -fblocks -fencode-extended-block-signature -fregister-global-dtors-with-atexit -fgnuc-version=4.2.1 -fpascal-strings -fmax-type-align=16 -fcommon -fdiagnostics-show-note-include-stack -serialize-diagnostic-file "/Users/srburk/Developer/Playdate Projects/Pong/build/CMakeFiles/CMakeTmp/CMAKE_TRY_COMPILE.build/Debug/cmTC_b5a51.build/Objects-normal/arm64/CMakeCCompilerABI.dia" -clang-vendor-feature=+messageToSelfInClassMethodIdReturnType -clang-vendor-feature=+disableInferNewAvailabilityFromInit -clang-vendor-feature=+disableNonDependentMemberExprInCurrentInstantiation -fno-odr-hash-protocols -clang-vendor-feature=+enableAggressiveVLAFolding -clang-vendor-feature=+revert09abecef7bbf -clang-vendor-feature=+thisNoAlignAttr -clang-vendor-feature=+thisNoNullAttr -mllvm -disable-aligned-alloc-awareness=1 -D__GCC_HAVE_DWARF2_CFI_ASM=1 -o "/Users/srburk/Developer/Playdate Projects/Pong/build/CMakeFiles/CMakeTmp/CMAKE_TRY_COMPILE.build/Debug/cmTC_b5a51.build/Objects-normal/arm64/CMakeCCompilerABI.o" -x c /opt/homebrew/Cellar/cmake/3.23.1/share/cmake/Modules/CMakeCCompilerABI.c
clang -cc1 version 13.1.6 (clang-1316.0.21.2.3) default target arm64-apple-darwin21.4.0
ignoring nonexistent directory "/Users/srburk/Developer/Playdate Projects/Pong/build/CMakeFiles/CMakeTmp/Debug/include"
ignoring nonexistent directory "/Users/srburk/Developer/Playdate Projects/Pong/build/CMakeFiles/CMakeTmp/CMAKE_TRY_COMPILE.build/Debug/cmTC_b5a51.build/DerivedSources-normal/arm64"
ignoring nonexistent directory "/Users/srburk/Developer/Playdate Projects/Pong/build/CMakeFiles/CMakeTmp/CMAKE_TRY_COMPILE.build/Debug/cmTC_b5a51.build/DerivedSources/arm64"
ignoring nonexistent directory "/Users/srburk/Developer/Playdate Projects/Pong/build/CMakeFiles/CMakeTmp/CMAKE_TRY_COMPILE.build/Debug/cmTC_b5a51.build/DerivedSources"
ignoring nonexistent directory "/Applications/Xcode.app/Contents/Developer/Platforms/MacOSX.platform/Developer/SDKs/MacOSX12.3.sdk/usr/local/include"
ignoring nonexistent directory "/Applications/Xcode.app/Contents/Developer/Platforms/MacOSX.platform/Developer/SDKs/MacOSX12.3.sdk/Library/Frameworks"
#include "..." search starts here:
#include <...> search starts here:
 /Users/srburk/Developer/Playdate Projects/Pong/build/CMakeFiles/CMakeTmp/Debug (framework directory)
 /Applications/Xcode.app/Contents/Developer/Toolchains/XcodeDefault.xctoolchain/usr/lib/clang/13.1.6/include
 /Applications/Xcode.app/Contents/Developer/Platforms/MacOSX.platform/Developer/SDKs/MacOSX12.3.sdk/usr/include
 /Applications/Xcode.app/Contents/Developer/Toolchains/XcodeDefault.xctoolchain/usr/include
 /Applications/Xcode.app/Contents/Developer/Platforms/MacOSX.platform/Developer/SDKs/MacOSX12.3.sdk/System/Library/Frameworks (framework directory)
End of search list.

Ld /Users/srburk/Developer/Playdate\ Projects/Pong/build/CMakeFiles/CMakeTmp/Debug/cmTC_b5a51 normal (in target 'cmTC_b5a51' from project 'CMAKE_TRY_COMPILE')
    cd /Users/srburk/Developer/Playdate\ Projects/Pong/build/CMakeFiles/CMakeTmp
    /Applications/Xcode.app/Contents/Developer/Toolchains/XcodeDefault.xctoolchain/usr/bin/clang -target arm64-apple-macos12.3 -isysroot /Applications/Xcode.app/Contents/Developer/Platforms/MacOSX.platform/Developer/SDKs/MacOSX12.3.sdk -L/Users/srburk/Developer/Playdate\ Projects/Pong/build/CMakeFiles/CMakeTmp/Debug -F/Users/srburk/Developer/Playdate\ Projects/Pong/build/CMakeFiles/CMakeTmp/Debug -filelist /Users/srburk/Developer/Playdate\ Projects/Pong/build/CMakeFiles/CMakeTmp/CMAKE_TRY_COMPILE.build/Debug/cmTC_b5a51.build/Objects-normal/arm64/cmTC_b5a51.LinkFileList -Xlinker -object_path_lto -Xlinker /Users/srburk/Developer/Playdate\ Projects/Pong/build/CMakeFiles/CMakeTmp/CMAKE_TRY_COMPILE.build/Debug/cmTC_b5a51.build/Objects-normal/arm64/cmTC_b5a51_lto.o -Xlinker -no_deduplicate -v -Wl,-v -Wl,-search_paths_first -Wl,-headerpad_max_install_names -Xlinker -dependency_info -Xlinker /Users/srburk/Developer/Playdate\ Projects/Pong/build/CMakeFiles/CMakeTmp/CMAKE_TRY_COMPILE.build/Debug/cmTC_b5a51.build/Objects-normal/arm64/cmTC_b5a51_dependency_info.dat -o /Users/srburk/Developer/Playdate\ Projects/Pong/build/CMakeFiles/CMakeTmp/Debug/cmTC_b5a51
Apple clang version 13.1.6 (clang-1316.0.21.2.3)
Target: arm64-apple-macos12.3
Thread model: posix
InstalledDir: /Applications/Xcode.app/Contents/Developer/Toolchains/XcodeDefault.xctoolchain/usr/bin
 "/Applications/Xcode.app/Contents/Developer/Toolchains/XcodeDefault.xctoolchain/usr/bin/ld" -demangle -lto_library /Applications/Xcode.app/Contents/Developer/Toolchains/XcodeDefault.xctoolchain/usr/lib/libLTO.dylib -dynamic -arch arm64 -platform_version macos 12.3.0 12.3 -syslibroot /Applications/Xcode.app/Contents/Developer/Platforms/MacOSX.platform/Developer/SDKs/MacOSX12.3.sdk -o "/Users/srburk/Developer/Playdate Projects/Pong/build/CMakeFiles/CMakeTmp/Debug/cmTC_b5a51" "-L/Users/srburk/Developer/Playdate Projects/Pong/build/CMakeFiles/CMakeTmp/Debug" -filelist "/Users/srburk/Developer/Playdate Projects/Pong/build/CMakeFiles/CMakeTmp/CMAKE_TRY_COMPILE.build/Debug/cmTC_b5a51.build/Objects-normal/arm64/cmTC_b5a51.LinkFileList" -object_path_lto "/Users/srburk/Developer/Playdate Projects/Pong/build/CMakeFiles/CMakeTmp/CMAKE_TRY_COMPILE.build/Debug/cmTC_b5a51.build/Objects-normal/arm64/cmTC_b5a51_lto.o" -no_deduplicate -v -search_paths_first -headerpad_max_install_names -dependency_info "/Users/srburk/Developer/Playdate Projects/Pong/build/CMakeFiles/CMakeTmp/CMAKE_TRY_COMPILE.build/Debug/cmTC_b5a51.build/Objects-normal/arm64/cmTC_b5a51_dependency_info.dat" -lSystem /Applications/Xcode.app/Contents/Developer/Toolchains/XcodeDefault.xctoolchain/usr/lib/clang/13.1.6/lib/darwin/libclang_rt.osx.a "-F/Users/srburk/Developer/Playdate Projects/Pong/build/CMakeFiles/CMakeTmp/Debug"
@(#)PROGRAM:ld  PROJECT:ld64-762
BUILD 12:49:08 Mar 30 2022
configured to support archs: armv6 armv7 armv7s arm64 arm64e arm64_32 i386 x86_64 x86_64h armv6m armv7k armv7m armv7em
Library search paths:
	/Users/srburk/Developer/Playdate Projects/Pong/build/CMakeFiles/CMakeTmp/Debug
	/Applications/Xcode.app/Contents/Developer/Platforms/MacOSX.platform/Developer/SDKs/MacOSX12.3.sdk/usr/lib
Framework search paths:
	/Users/srburk/Developer/Playdate Projects/Pong/build/CMakeFiles/CMakeTmp/Debug
	/Applications/Xcode.app/Contents/Developer/Platforms/MacOSX.platform/Developer/SDKs/MacOSX12.3.sdk/System/Library/Frameworks/

RegisterExecutionPolicyException /Users/srburk/Developer/Playdate\ Projects/Pong/build/CMakeFiles/CMakeTmp/Debug/cmTC_b5a51 (in target 'cmTC_b5a51' from project 'CMAKE_TRY_COMPILE')
    cd /Users/srburk/Developer/Playdate\ Projects/Pong/build/CMakeFiles/CMakeTmp
    builtin-RegisterExecutionPolicyException /Users/srburk/Developer/Playdate\ Projects/Pong/build/CMakeFiles/CMakeTmp/Debug/cmTC_b5a51

** BUILD SUCCEEDED **




Parsed C implicit include dir info from above output: rv=done
  found start of include info
  found start of implicit include info
    add: [/Applications/Xcode.app/Contents/Developer/Toolchains/XcodeDefault.xctoolchain/usr/lib/clang/13.1.6/include]
    add: [/Applications/Xcode.app/Contents/Developer/Platforms/MacOSX.platform/Developer/SDKs/MacOSX12.3.sdk/usr/include]
    add: [/Applications/Xcode.app/Contents/Developer/Toolchains/XcodeDefault.xctoolchain/usr/include]
  end of search list found
  collapse include dir [/Applications/Xcode.app/Contents/Developer/Toolchains/XcodeDefault.xctoolchain/usr/lib/clang/13.1.6/include] ==> [/Applications/Xcode.app/Contents/Developer/Toolchains/XcodeDefault.xctoolchain/usr/lib/clang/13.1.6/include]
  collapse include dir [/Applications/Xcode.app/Contents/Developer/Platforms/MacOSX.platform/Developer/SDKs/MacOSX12.3.sdk/usr/include] ==> [/Applications/Xcode.app/Contents/Developer/Platforms/MacOSX.platform/Developer/SDKs/MacOSX12.3.sdk/usr/include]
  collapse include dir [/Applications/Xcode.app/Contents/Developer/Toolchains/XcodeDefault.xctoolchain/usr/include] ==> [/Applications/Xcode.app/Contents/Developer/Toolchains/XcodeDefault.xctoolchain/usr/include]
  implicit include dirs: [/Applications/Xcode.app/Contents/Developer/Toolchains/XcodeDefault.xctoolchain/usr/lib/clang/13.1.6/include;/Applications/Xcode.app/Contents/Developer/Platforms/MacOSX.platform/Developer/SDKs/MacOSX12.3.sdk/usr/include;/Applications/Xcode.app/Contents/Developer/Toolchains/XcodeDefault.xctoolchain/usr/include]


Parsed C implicit link information from above output:
  link line regex: [^( *|.*[/\])(ld|CMAKE_LINK_STARTFILE-NOTFOUND|([^/\]+-)?ld|collect2)[^/\]*( |$)]
  ignore line: [Change Dir: /Users/srburk/Developer/Playdate Projects/Pong/build/CMakeFiles/CMakeTmp]
  ignore line: []
  ignore line: [Run Build Command(s):/usr/bin/xcodebuild -project CMAKE_TRY_COMPILE.xcodeproj build -target cmTC_b5a51 -parallelizeTargets -configuration Debug -hideShellScriptEnvironment && objc[26143]: Class AppleTypeCRetimerRestoreInfoHelper is implemented in both /usr/lib/libauthinstall.dylib (0x1f3791eb0) and /Library/Apple/System/Library/PrivateFrameworks/MobileDevice.framework/Versions/A/MobileDevice (0x1089b84f8). One of the two will be used. Which one is undefined.]
  ignore line: [objc[26143]: Class AppleTypeCRetimerFirmwareAggregateRequestCreator is implemented in both /usr/lib/libauthinstall.dylib (0x1f3791f00) and /Library/Apple/System/Library/PrivateFrameworks/MobileDevice.framework/Versions/A/MobileDevice (0x1089b8548). One of the two will be used. Which one is undefined.]
  ignore line: [objc[26143]: Class AppleTypeCRetimerFirmwareRequestCreator is implemented in both /usr/lib/libauthinstall.dylib (0x1f3791f50) and /Library/Apple/System/Library/PrivateFrameworks/MobileDevice.framework/Versions/A/MobileDevice (0x1089b8598). One of the two will be used. Which one is undefined.]
  ignore line: [objc[26143]: Class ATCRTRestoreInfoFTABFile is implemented in both /usr/lib/libauthinstall.dylib (0x1f3791fa0) and /Library/Apple/System/Library/PrivateFrameworks/MobileDevice.framework/Versions/A/MobileDevice (0x1089b85e8). One of the two will be used. Which one is undefined.]
  ignore line: [objc[26143]: Class AppleTypeCRetimerFirmwareCopier is implemented in both /usr/lib/libauthinstall.dylib (0x1f3791ff0) and /Library/Apple/System/Library/PrivateFrameworks/MobileDevice.framework/Versions/A/MobileDevice (0x1089b8638). One of the two will be used. Which one is undefined.]
  ignore line: [objc[26143]: Class ATCRTRestoreInfoFTABSubfile is implemented in both /usr/lib/libauthinstall.dylib (0x1f3792040) and /Library/Apple/System/Library/PrivateFrameworks/MobileDevice.framework/Versions/A/MobileDevice (0x1089b8688). One of the two will be used. Which one is undefined.]
  ignore line: [2022-05-03 16:03:46.840 xcodebuild[26143:1170823] Requested but did not find extension point with identifier Xcode.IDEKit.ExtensionSentinelHostApplications for extension Xcode.DebuggerFoundation.AppExtensionHosts.watchOS of plug-in com.apple.dt.IDEWatchSupportCore]
  ignore line: [2022-05-03 16:03:46.840 xcodebuild[26143:1170823] Requested but did not find extension point with identifier Xcode.IDEKit.ExtensionPointIdentifierToBundleIdentifier for extension Xcode.DebuggerFoundation.AppExtensionToBundleIdentifierMap.watchOS of plug-in com.apple.dt.IDEWatchSupportCore]
  ignore line: [Command line invocation:]
  ignore line: [    /Applications/Xcode.app/Contents/Developer/usr/bin/xcodebuild -project CMAKE_TRY_COMPILE.xcodeproj build -target cmTC_b5a51 -parallelizeTargets -configuration Debug -hideShellScriptEnvironment]
  ignore line: []
  ignore line: [User defaults from command line:]
  ignore line: [    HideShellScriptEnvironment = YES]
  ignore line: [    IDEPackageSupportUseBuiltinSCM = YES]
  ignore line: []
  ignore line: [note: Using new build system]
  ignore line: [note: Planning]
  ignore line: [Analyze workspace]
  ignore line: []
  ignore line: [Create build description]
  ignore line: [Build description signature: 5f9fb41ddf2ed29eb7f669bc74c9b6a4]
  ignore line: [Build description path: /Users/srburk/Developer/Playdate Projects/Pong/build/CMakeFiles/CMakeTmp/build/XCBuildData/5f9fb41ddf2ed29eb7f669bc74c9b6a4-desc.xcbuild]
  ignore line: []
  ignore line: [note: Build preparation complete]
  ignore line: [note: Building targets in dependency order]
  ignore line: [CreateBuildDirectory /Users/srburk/Developer/Playdate\ Projects/Pong/build/CMakeFiles/CMakeTmp]
  ignore line: [    cd /Users/srburk/Developer/Playdate\ Projects/Pong/build/CMakeFiles/CMakeTmp/CMAKE_TRY_COMPILE.xcodeproj]
  ignore line: [    builtin-create-build-directory /Users/srburk/Developer/Playdate\ Projects/Pong/build/CMakeFiles/CMakeTmp]
  ignore line: []
  ignore line: [CreateBuildDirectory /Users/srburk/Developer/Playdate\ Projects/Pong/build/CMakeFiles/CMakeTmp/Debug]
  ignore line: [    cd /Users/srburk/Developer/Playdate\ Projects/Pong/build/CMakeFiles/CMakeTmp/CMAKE_TRY_COMPILE.xcodeproj]
  ignore line: [    builtin-create-build-directory /Users/srburk/Developer/Playdate\ Projects/Pong/build/CMakeFiles/CMakeTmp/Debug]
  ignore line: []
  ignore line: [WriteAuxiliaryFile /Users/srburk/Developer/Playdate\ Projects/Pong/build/CMakeFiles/CMakeTmp/CMAKE_TRY_COMPILE.build/Debug/cmTC_b5a51.build/Objects-normal/arm64/cmTC_b5a51.LinkFileList (in target 'cmTC_b5a51' from project 'CMAKE_TRY_COMPILE')]
  ignore line: [    cd /Users/srburk/Developer/Playdate\ Projects/Pong/build/CMakeFiles/CMakeTmp]
  ignore line: [    write-file /Users/srburk/Developer/Playdate\ Projects/Pong/build/CMakeFiles/CMakeTmp/CMAKE_TRY_COMPILE.build/Debug/cmTC_b5a51.build/Objects-normal/arm64/cmTC_b5a51.LinkFileList]
  ignore line: []
  ignore line: [CompileC /Users/srburk/Developer/Playdate\ Projects/Pong/build/CMakeFiles/CMakeTmp/CMAKE_TRY_COMPILE.build/Debug/cmTC_b5a51.build/Objects-normal/arm64/CMakeCCompilerABI.o /opt/homebrew/Cellar/cmake/3.23.1/share/cmake/Modules/CMakeCCompilerABI.c normal arm64 c com.apple.compilers.llvm.clang.1_0.compiler (in target 'cmTC_b5a51' from project 'CMAKE_TRY_COMPILE')]
  ignore line: [    cd /Users/srburk/Developer/Playdate\ Projects/Pong/build/CMakeFiles/CMakeTmp]
  ignore line: [    /Applications/Xcode.app/Contents/Developer/Toolchains/XcodeDefault.xctoolchain/usr/bin/clang -x c -target arm64-apple-macos12.3 -fmessage-length\=0 -fdiagnostics-show-note-include-stack -fmacro-backtrace-limit\=0 -Wno-trigraphs -fpascal-strings -O0 -Wno-missing-field-initializers -Wno-missing-prototypes -Wno-return-type -Wno-missing-braces -Wparentheses -Wswitch -Wno-unused-function -Wno-unused-label -Wno-unused-parameter -Wno-unused-variable -Wunused-value -Wno-empty-body -Wno-uninitialized -Wno-unknown-pragmas -Wno-shadow -Wno-four-char-constants -Wno-conversion -Wno-constant-conversion -Wno-int-conversion -Wno-bool-conversion -Wno-enum-conversion -Wno-float-conversion -Wno-non-literal-null-conversion -Wno-objc-literal-conversion -Wno-shorten-64-to-32 -Wpointer-sign -Wno-newline-eof -DCMAKE_INTDIR\=\"Debug\" -isysroot /Applications/Xcode.app/Contents/Developer/Platforms/MacOSX.platform/Developer/SDKs/MacOSX12.3.sdk -fstrict-aliasing -Wdeprecated-declarations -g -Wno-sign-conversion -Wno-infinite-recursion -Wno-comma -Wno-block-capture-autoreleasing -Wno-strict-prototypes -Wno-semicolon-before-method-body -I/Users/srburk/Developer/Playdate\ Projects/Pong/build/CMakeFiles/CMakeTmp/Debug/include -I/Users/srburk/Developer/Playdate\ Projects/Pong/build/CMakeFiles/CMakeTmp/CMAKE_TRY_COMPILE.build/Debug/cmTC_b5a51.build/DerivedSources-normal/arm64 -I/Users/srburk/Developer/Playdate\ Projects/Pong/build/CMakeFiles/CMakeTmp/CMAKE_TRY_COMPILE.build/Debug/cmTC_b5a51.build/DerivedSources/arm64 -I/Users/srburk/Developer/Playdate\ Projects/Pong/build/CMakeFiles/CMakeTmp/CMAKE_TRY_COMPILE.build/Debug/cmTC_b5a51.build/DerivedSources -F/Users/srburk/Developer/Playdate\ Projects/Pong/build/CMakeFiles/CMakeTmp/Debug -std\=gnu11 -v -Wl -v -MMD -MT dependencies -MF /Users/srburk/Developer/Playdate\ Projects/Pong/build/CMakeFiles/CMakeTmp/CMAKE_TRY_COMPILE.build/Debug/cmTC_b5a51.build/Objects-normal/arm64/CMakeCCompilerABI.d --serialize-diagnostics /Users/srburk/Developer/Playdate\ Projects/Pong/build/CMakeFiles/CMakeTmp/CMAKE_TRY_COMPILE.build/Debug/cmTC_b5a51.build/Objects-normal/arm64/CMakeCCompilerABI.dia -c /opt/homebrew/Cellar/cmake/3.23.1/share/cmake/Modules/CMakeCCompilerABI.c -o /Users/srburk/Developer/Playdate\ Projects/Pong/build/CMakeFiles/CMakeTmp/CMAKE_TRY_COMPILE.build/Debug/cmTC_b5a51.build/Objects-normal/arm64/CMakeCCompilerABI.o]
  ignore line: [Apple clang version 13.1.6 (clang-1316.0.21.2.3)]
  ignore line: [Target: arm64-apple-macos12.3]
  ignore line: [Thread model: posix]
  ignore line: [InstalledDir: /Applications/Xcode.app/Contents/Developer/Toolchains/XcodeDefault.xctoolchain/usr/bin]
  ignore line: [clang: warning: -Wl -v: 'linker' input unused [-Wunused-command-line-argument]]
  ignore line: [ "/Applications/Xcode.app/Contents/Developer/Toolchains/XcodeDefault.xctoolchain/usr/bin/clang" -cc1 -triple arm64-apple-macosx12.3.0 -Wundef-prefix=TARGET_OS_ -Wdeprecated-objc-isa-usage -Werror=deprecated-objc-isa-usage -Werror=implicit-function-declaration -emit-obj -mrelax-all --mrelax-relocations -disable-free -disable-llvm-verifier -discard-value-names -main-file-name CMakeCCompilerABI.c -mrelocation-model pic -pic-level 2 -mframe-pointer=non-leaf -fno-strict-return -fno-rounding-math -munwind-tables -target-sdk-version=12.3 -fvisibility-inlines-hidden-static-local-var -target-cpu apple-m1 -target-feature +v8.5a -target-feature +fp-armv8 -target-feature +neon -target-feature +crc -target-feature +crypto -target-feature +dotprod -target-feature +fp16fml -target-feature +ras -target-feature +lse -target-feature +rdm -target-feature +rcpc -target-feature +zcm -target-feature +zcz -target-feature +fullfp16 -target-feature +sm4 -target-feature +sha3 -target-feature +sha2 -target-feature +aes -target-abi darwinpcs -fallow-half-arguments-and-returns -debug-info-kind=standalone -dwarf-version=4 -debugger-tuning=lldb -target-linker-version 762 -v -resource-dir /Applications/Xcode.app/Contents/Developer/Toolchains/XcodeDefault.xctoolchain/usr/lib/clang/13.1.6 -dependency-file "/Users/srburk/Developer/Playdate Projects/Pong/build/CMakeFiles/CMakeTmp/CMAKE_TRY_COMPILE.build/Debug/cmTC_b5a51.build/Objects-normal/arm64/CMakeCCompilerABI.d" -skip-unused-modulemap-deps -MT dependencies -isysroot /Applications/Xcode.app/Contents/Developer/Platforms/MacOSX.platform/Developer/SDKs/MacOSX12.3.sdk -D "CMAKE_INTDIR=\"Debug\"" -I "/Users/srburk/Developer/Playdate Projects/Pong/build/CMakeFiles/CMakeTmp/Debug/include" -I "/Users/srburk/Developer/Playdate Projects/Pong/build/CMakeFiles/CMakeTmp/CMAKE_TRY_COMPILE.build/Debug/cmTC_b5a51.build/DerivedSources-normal/arm64" -I "/Users/srburk/Developer/Playdate Projects/Pong/build/CMakeFiles/CMakeTmp/CMAKE_TRY_COMPILE.build/Debug/cmTC_b5a51.build/DerivedSources/arm64" -I "/Users/srburk/Developer/Playdate Projects/Pong/build/CMakeFiles/CMakeTmp/CMAKE_TRY_COMPILE.build/Debug/cmTC_b5a51.build/DerivedSources" "-F/Users/srburk/Developer/Playdate Projects/Pong/build/CMakeFiles/CMakeTmp/Debug" -internal-isystem /Applications/Xcode.app/Contents/Developer/Platforms/MacOSX.platform/Developer/SDKs/MacOSX12.3.sdk/usr/local/include -internal-isystem /Applications/Xcode.app/Contents/Developer/Toolchains/XcodeDefault.xctoolchain/usr/lib/clang/13.1.6/include -internal-externc-isystem /Applications/Xcode.app/Contents/Developer/Platforms/MacOSX.platform/Developer/SDKs/MacOSX12.3.sdk/usr/include -internal-externc-isystem /Applications/Xcode.app/Contents/Developer/Toolchains/XcodeDefault.xctoolchain/usr/include -O0 -Wno-trigraphs -Wno-missing-field-initializers -Wno-missing-prototypes -Wno-return-type -Wno-missing-braces -Wparentheses -Wswitch -Wno-unused-function -Wno-unused-label -Wno-unused-parameter -Wno-unused-variable -Wunused-value -Wno-empty-body -Wno-uninitialized -Wno-unknown-pragmas -Wno-shadow -Wno-four-char-constants -Wno-conversion -Wno-constant-conversion -Wno-int-conversion -Wno-bool-conversion -Wno-enum-conversion -Wno-float-conversion -Wno-non-literal-null-conversion -Wno-objc-literal-conversion -Wno-shorten-64-to-32 -Wpointer-sign -Wno-newline-eof -Wdeprecated-declarations -Wno-sign-conversion -Wno-infinite-recursion -Wno-comma -Wno-block-capture-autoreleasing -Wno-strict-prototypes -Wno-semicolon-before-method-body -Wno-reorder-init-list -Wno-implicit-int-float-conversion -Wno-c99-designator -Wno-final-dtor-non-final-class -Wno-extra-semi-stmt -Wno-misleading-indentation -Wno-quoted-include-in-framework-header -Wno-implicit-fallthrough -Wno-enum-enum-conversion -Wno-enum-float-conversion -Wno-elaborated-enum-base -Wno-reserved-identifier -Wno-gnu-folding-constant -Wno-objc-load-method -std=gnu11 "-fdebug-compilation-dir=/Users/srburk/Developer/Playdate Projects/Pong/build/CMakeFiles/CMakeTmp" -ferror-limit 19 -fmacro-backtrace-limit 0 -stack-protector 1 -fstack-check -mdarwin-stkchk-strong-link -fblocks -fencode-extended-block-signature -fregister-global-dtors-with-atexit -fgnuc-version=4.2.1 -fpascal-strings -fmax-type-align=16 -fcommon -fdiagnostics-show-note-include-stack -serialize-diagnostic-file "/Users/srburk/Developer/Playdate Projects/Pong/build/CMakeFiles/CMakeTmp/CMAKE_TRY_COMPILE.build/Debug/cmTC_b5a51.build/Objects-normal/arm64/CMakeCCompilerABI.dia" -clang-vendor-feature=+messageToSelfInClassMethodIdReturnType -clang-vendor-feature=+disableInferNewAvailabilityFromInit -clang-vendor-feature=+disableNonDependentMemberExprInCurrentInstantiation -fno-odr-hash-protocols -clang-vendor-feature=+enableAggressiveVLAFolding -clang-vendor-feature=+revert09abecef7bbf -clang-vendor-feature=+thisNoAlignAttr -clang-vendor-feature=+thisNoNullAttr -mllvm -disable-aligned-alloc-awareness=1 -D__GCC_HAVE_DWARF2_CFI_ASM=1 -o "/Users/srburk/Developer/Playdate Projects/Pong/build/CMakeFiles/CMakeTmp/CMAKE_TRY_COMPILE.build/Debug/cmTC_b5a51.build/Objects-normal/arm64/CMakeCCompilerABI.o" -x c /opt/homebrew/Cellar/cmake/3.23.1/share/cmake/Modules/CMakeCCompilerABI.c]
  ignore line: [clang -cc1 version 13.1.6 (clang-1316.0.21.2.3) default target arm64-apple-darwin21.4.0]
  ignore line: [ignoring nonexistent directory "/Users/srburk/Developer/Playdate Projects/Pong/build/CMakeFiles/CMakeTmp/Debug/include"]
  ignore line: [ignoring nonexistent directory "/Users/srburk/Developer/Playdate Projects/Pong/build/CMakeFiles/CMakeTmp/CMAKE_TRY_COMPILE.build/Debug/cmTC_b5a51.build/DerivedSources-normal/arm64"]
  ignore line: [ignoring nonexistent directory "/Users/srburk/Developer/Playdate Projects/Pong/build/CMakeFiles/CMakeTmp/CMAKE_TRY_COMPILE.build/Debug/cmTC_b5a51.build/DerivedSources/arm64"]
  ignore line: [ignoring nonexistent directory "/Users/srburk/Developer/Playdate Projects/Pong/build/CMakeFiles/CMakeTmp/CMAKE_TRY_COMPILE.build/Debug/cmTC_b5a51.build/DerivedSources"]
  ignore line: [ignoring nonexistent directory "/Applications/Xcode.app/Contents/Developer/Platforms/MacOSX.platform/Developer/SDKs/MacOSX12.3.sdk/usr/local/include"]
  ignore line: [ignoring nonexistent directory "/Applications/Xcode.app/Contents/Developer/Platforms/MacOSX.platform/Developer/SDKs/MacOSX12.3.sdk/Library/Frameworks"]
  ignore line: [#include "..." search starts here:]
  ignore line: [#include <...> search starts here:]
  ignore line: [ /Users/srburk/Developer/Playdate Projects/Pong/build/CMakeFiles/CMakeTmp/Debug (framework directory)]
  ignore line: [ /Applications/Xcode.app/Contents/Developer/Toolchains/XcodeDefault.xctoolchain/usr/lib/clang/13.1.6/include]
  ignore line: [ /Applications/Xcode.app/Contents/Developer/Platforms/MacOSX.platform/Developer/SDKs/MacOSX12.3.sdk/usr/include]
  ignore line: [ /Applications/Xcode.app/Contents/Developer/Toolchains/XcodeDefault.xctoolchain/usr/include]
  ignore line: [ /Applications/Xcode.app/Contents/Developer/Platforms/MacOSX.platform/Developer/SDKs/MacOSX12.3.sdk/System/Library/Frameworks (framework directory)]
  ignore line: [End of search list.]
  ignore line: []
  ignore line: [Ld /Users/srburk/Developer/Playdate\ Projects/Pong/build/CMakeFiles/CMakeTmp/Debug/cmTC_b5a51 normal (in target 'cmTC_b5a51' from project 'CMAKE_TRY_COMPILE')]
  ignore line: [    cd /Users/srburk/Developer/Playdate\ Projects/Pong/build/CMakeFiles/CMakeTmp]
  ignore line: [    /Applications/Xcode.app/Contents/Developer/Toolchains/XcodeDefault.xctoolchain/usr/bin/clang -target arm64-apple-macos12.3 -isysroot /Applications/Xcode.app/Contents/Developer/Platforms/MacOSX.platform/Developer/SDKs/MacOSX12.3.sdk -L/Users/srburk/Developer/Playdate\ Projects/Pong/build/CMakeFiles/CMakeTmp/Debug -F/Users/srburk/Developer/Playdate\ Projects/Pong/build/CMakeFiles/CMakeTmp/Debug -filelist /Users/srburk/Developer/Playdate\ Projects/Pong/build/CMakeFiles/CMakeTmp/CMAKE_TRY_COMPILE.build/Debug/cmTC_b5a51.build/Objects-normal/arm64/cmTC_b5a51.LinkFileList -Xlinker -object_path_lto -Xlinker /Users/srburk/Developer/Playdate\ Projects/Pong/build/CMakeFiles/CMakeTmp/CMAKE_TRY_COMPILE.build/Debug/cmTC_b5a51.build/Objects-normal/arm64/cmTC_b5a51_lto.o -Xlinker -no_deduplicate -v -Wl -v -Wl -search_paths_first -Wl -headerpad_max_install_names -Xlinker -dependency_info -Xlinker /Users/srburk/Developer/Playdate\ Projects/Pong/build/CMakeFiles/CMakeTmp/CMAKE_TRY_COMPILE.build/Debug/cmTC_b5a51.build/Objects-normal/arm64/cmTC_b5a51_dependency_info.dat -o /Users/srburk/Developer/Playdate\ Projects/Pong/build/CMakeFiles/CMakeTmp/Debug/cmTC_b5a51]
  ignore line: [Apple clang version 13.1.6 (clang-1316.0.21.2.3)]
  ignore line: [Target: arm64-apple-macos12.3]
  ignore line: [Thread model: posix]
  ignore line: [InstalledDir: /Applications/Xcode.app/Contents/Developer/Toolchains/XcodeDefault.xctoolchain/usr/bin]
  link line: [ "/Applications/Xcode.app/Contents/Developer/Toolchains/XcodeDefault.xctoolchain/usr/bin/ld" -demangle -lto_library /Applications/Xcode.app/Contents/Developer/Toolchains/XcodeDefault.xctoolchain/usr/lib/libLTO.dylib -dynamic -arch arm64 -platform_version macos 12.3.0 12.3 -syslibroot /Applications/Xcode.app/Contents/Developer/Platforms/MacOSX.platform/Developer/SDKs/MacOSX12.3.sdk -o "/Users/srburk/Developer/Playdate Projects/Pong/build/CMakeFiles/CMakeTmp/Debug/cmTC_b5a51" "-L/Users/srburk/Developer/Playdate Projects/Pong/build/CMakeFiles/CMakeTmp/Debug" -filelist "/Users/srburk/Developer/Playdate Projects/Pong/build/CMakeFiles/CMakeTmp/CMAKE_TRY_COMPILE.build/Debug/cmTC_b5a51.build/Objects-normal/arm64/cmTC_b5a51.LinkFileList" -object_path_lto "/Users/srburk/Developer/Playdate Projects/Pong/build/CMakeFiles/CMakeTmp/CMAKE_TRY_COMPILE.build/Debug/cmTC_b5a51.build/Objects-normal/arm64/cmTC_b5a51_lto.o" -no_deduplicate -v -search_paths_first -headerpad_max_install_names -dependency_info "/Users/srburk/Developer/Playdate Projects/Pong/build/CMakeFiles/CMakeTmp/CMAKE_TRY_COMPILE.build/Debug/cmTC_b5a51.build/Objects-normal/arm64/cmTC_b5a51_dependency_info.dat" -lSystem /Applications/Xcode.app/Contents/Developer/Toolchains/XcodeDefault.xctoolchain/usr/lib/clang/13.1.6/lib/darwin/libclang_rt.osx.a "-F/Users/srburk/Developer/Playdate Projects/Pong/build/CMakeFiles/CMakeTmp/Debug"]
    arg [/Applications/Xcode.app/Contents/Developer/Toolchains/XcodeDefault.xctoolchain/usr/bin/ld] ==> ignore
    arg [-demangle] ==> ignore
    arg [-lto_library] ==> ignore, skip following value
    arg [/Applications/Xcode.app/Contents/Developer/Toolchains/XcodeDefault.xctoolchain/usr/lib/libLTO.dylib] ==> skip value of -lto_library
    arg [-dynamic] ==> ignore
    arg [-arch] ==> ignore
    arg [arm64] ==> ignore
    arg [-platform_version] ==> ignore
    arg [macos] ==> ignore
    arg [12.3.0] ==> ignore
    arg [12.3] ==> ignore
    arg [-syslibroot] ==> ignore
    arg [/Applications/Xcode.app/Contents/Developer/Platforms/MacOSX.platform/Developer/SDKs/MacOSX12.3.sdk] ==> ignore
    arg [-o] ==> ignore
    arg [/Users/srburk/Developer/Playdate Projects/Pong/build/CMakeFiles/CMakeTmp/Debug/cmTC_b5a51] ==> ignore
    arg [-L/Users/srburk/Developer/Playdate Projects/Pong/build/CMakeFiles/CMakeTmp/Debug] ==> dir [/Users/srburk/Developer/Playdate Projects/Pong/build/CMakeFiles/CMakeTmp/Debug]
    arg [-filelist] ==> ignore
    arg [/Users/srburk/Developer/Playdate Projects/Pong/build/CMakeFiles/CMakeTmp/CMAKE_TRY_COMPILE.build/Debug/cmTC_b5a51.build/Objects-normal/arm64/cmTC_b5a51.LinkFileList] ==> ignore
    arg [-object_path_lto] ==> ignore
    arg [/Users/srburk/Developer/Playdate Projects/Pong/build/CMakeFiles/CMakeTmp/CMAKE_TRY_COMPILE.build/Debug/cmTC_b5a51.build/Objects-normal/arm64/cmTC_b5a51_lto.o] ==> obj [/Users/srburk/Developer/Playdate Projects/Pong/build/CMakeFiles/CMakeTmp/CMAKE_TRY_COMPILE.build/Debug/cmTC_b5a51.build/Objects-normal/arm64/cmTC_b5a51_lto.o]
    arg [-no_deduplicate] ==> ignore
    arg [-v] ==> ignore
    arg [-search_paths_first] ==> ignore
    arg [-headerpad_max_install_names] ==> ignore
    arg [-dependency_info] ==> ignore
    arg [/Users/srburk/Developer/Playdate Projects/Pong/build/CMakeFiles/CMakeTmp/CMAKE_TRY_COMPILE.build/Debug/cmTC_b5a51.build/Objects-normal/arm64/cmTC_b5a51_dependency_info.dat] ==> ignore
    arg [-lSystem] ==> lib [System]
    arg [/Applications/Xcode.app/Contents/Developer/Toolchains/XcodeDefault.xctoolchain/usr/lib/clang/13.1.6/lib/darwin/libclang_rt.osx.a] ==> lib [/Applications/Xcode.app/Contents/Developer/Toolchains/XcodeDefault.xctoolchain/usr/lib/clang/13.1.6/lib/darwin/libclang_rt.osx.a]
    arg [-F/Users/srburk/Developer/Playdate Projects/Pong/build/CMakeFiles/CMakeTmp/Debug] ==> ignore
  Library search paths: [;/Users/srburk/Developer/Playdate Projects/Pong/build/CMakeFiles/CMakeTmp/Debug;/Applications/Xcode.app/Contents/Developer/Platforms/MacOSX.platform/Developer/SDKs/MacOSX12.3.sdk/usr/lib]
  Framework search paths: [;/Users/srburk/Developer/Playdate Projects/Pong/build/CMakeFiles/CMakeTmp/Debug;/Applications/Xcode.app/Contents/Developer/Platforms/MacOSX.platform/Developer/SDKs/MacOSX12.3.sdk/System/Library/Frameworks/]
  remove lib [System]
  remove lib [/Applications/Xcode.app/Contents/Developer/Toolchains/XcodeDefault.xctoolchain/usr/lib/clang/13.1.6/lib/darwin/libclang_rt.osx.a]
  collapse library dir [/Users/srburk/Developer/Playdate Projects/Pong/build/CMakeFiles/CMakeTmp/Debug] ==> [/Users/srburk/Developer/Playdate Projects/Pong/build/CMakeFiles/CMakeTmp/Debug], skipping non-system directory
  collapse library dir [/Users/srburk/Developer/Playdate Projects/Pong/build/CMakeFiles/CMakeTmp/Debug] ==> [/Users/srburk/Developer/Playdate Projects/Pong/build/CMakeFiles/CMakeTmp/Debug], skipping non-system directory
  collapse library dir [/Applications/Xcode.app/Contents/Developer/Platforms/MacOSX.platform/Developer/SDKs/MacOSX12.3.sdk/usr/lib] ==> [/Applications/Xcode.app/Contents/Developer/Platforms/MacOSX.platform/Developer/SDKs/MacOSX12.3.sdk/usr/lib]
  collapse framework dir [/Users/srburk/Developer/Playdate Projects/Pong/build/CMakeFiles/CMakeTmp/Debug] ==> [/Users/srburk/Developer/Playdate Projects/Pong/build/CMakeFiles/CMakeTmp/Debug], skipping non-system directory
  collapse framework dir [/Applications/Xcode.app/Contents/Developer/Platforms/MacOSX.platform/Developer/SDKs/MacOSX12.3.sdk/System/Library/Frameworks/] ==> [/Applications/Xcode.app/Contents/Developer/Platforms/MacOSX.platform/Developer/SDKs/MacOSX12.3.sdk/System/Library/Frameworks]
  implicit libs: []
  implicit objs: [/Users/srburk/Developer/Playdate Projects/Pong/build/CMakeFiles/CMakeTmp/CMAKE_TRY_COMPILE.build/Debug/cmTC_b5a51.build/Objects-normal/arm64/cmTC_b5a51_lto.o]
  implicit dirs: [/Applications/Xcode.app/Contents/Developer/Platforms/MacOSX.platform/Developer/SDKs/MacOSX12.3.sdk/usr/lib]
  implicit fwks: [/Applications/Xcode.app/Contents/Developer/Platforms/MacOSX.platform/Developer/SDKs/MacOSX12.3.sdk/System/Library/Frameworks]


